<?xml version="1.0" encoding="UTF-8"?>
<!-- Generated by org.testng.reporters.JUnitReportReporter -->
<testsuite hostname="DESKTOP-0T4A8AF" failures="0" tests="1" name="testCases.TC001_AccountRegistrationTest" time="4.464" errors="0" timestamp="2025-02-08T14:31:26 IST" skipped="0">
  <testcase classname="testCases.TC001_AccountRegistrationTest" name="verify_account_registration" time="4.464"/>
  <system-out/>
</testsuite> <!-- testCases.TC001_AccountRegistrationTest -->
